<?xml version="1.0" encoding="UTF-8"?>
<!-- Generated by org.testng.reporters.JUnitReportReporter -->
<testsuite hostname="LAPTOP-0STQ7AK3" failures="0" tests="4" name="com.testrun.Runner" time="14.008" errors="0" timestamp="2024-10-27T15:02:34 EDT" skipped="0">
  <testcase classname="com.testrun.Runner" name="setup3" time="0.001"/>
  <system-out/>
  <testcase classname="com.testrun.Runner" name="runScenario" time="5.468"/>
  <system-out/>
  <testcase classname="com.testrun.Runner" name="runScenario" time="4.140"/>
  <system-out/>
  <testcase classname="com.testrun.Runner" name="runScenario" time="4.399"/>
  <system-out/>
</testsuite> <!-- com.testrun.Runner -->
